Build started 1/25/2020 7:14:40 PM.
     1>Project "C:\Users\zahee\git\2dGame\gameframework2d\src\gf2d\gf2d.vcxproj" on node 2 (Build target(s)).
     1>C:\Program Files (x86)\MSBuild\Microsoft.Cpp\v4.0\V120\Microsoft.CppBuild.targets(357,5): warning MSB8004: Output Directory does not end with a trailing slash.  This build instance will add the slash as it is required to allow proper evaluation of the Output Directory.
     1>ClCompile:
         C:\Program Files (x86)\Microsoft Visual Studio 12.0\VC\bin\CL.exe /c /Zi /nologo /W3 /WX- /O2 /Oi /Oy- /GL /D WIN32 /D NDEBUG /D _CONSOLE /D _LIB /D _UNICODE /D UNICODE /Gm- /EHsc /MD /GS /Gy /fp:precise /Zc:wchar_t /Zc:forScope /Fo"Release\\" /Fd"Release\vc120.pdb" /Gd /TC /analyze- /errorReport:prompt ..\..\gfc\simple_json\src\simple_json.c ..\..\gfc\simple_json\src\simple_json_array.c ..\..\gfc\simple_json\src\simple_json_error.c ..\..\gfc\simple_json\src\simple_json_list.c ..\..\gfc\simple_json\src\simple_json_object.c ..\..\gfc\simple_json\src\simple_json_parse.c ..\..\gfc\simple_json\src\simple_json_string.c ..\..\gfc\simple_logger\src\simple_logger.c ..\..\gfc\src\gfc_audio.c ..\..\gfc\src\gfc_callbacks.c ..\..\gfc\src\gfc_input.c ..\..\gfc\src\gfc_list.c ..\..\gfc\src\gfc_matrix.c ..\..\gfc\src\gfc_text.c ..\..\gfc\src\gfc_types.c ..\..\gfc\src\gfc_vector.c ..\game.c ..\gf2d_draw.c ..\gf2d_graphics.c ..\gf2d_sprite.c
         simple_json.c
     1>..\..\gfc\simple_json\src\simple_json.c(55): warning C4996: 'fopen': This function or variable may be unsafe. Consider using fopen_s instead. To disable deprecation, use _CRT_SECURE_NO_WARNINGS. See online help for details.
                 C:\Program Files (x86)\Microsoft Visual Studio 12.0\VC\include\stdio.h(211) : see declaration of 'fopen'
     1>..\..\gfc\simple_json\src\simple_json.c(132): warning C4996: 'fopen': This function or variable may be unsafe. Consider using fopen_s instead. To disable deprecation, use _CRT_SECURE_NO_WARNINGS. See online help for details.
                 C:\Program Files (x86)\Microsoft Visual Studio 12.0\VC\include\stdio.h(211) : see declaration of 'fopen'
         simple_json_array.c
         simple_json_error.c
     1>..\..\gfc\simple_json\src\simple_json_error.c(30): warning C4996: '_vsnprintf': This function or variable may be unsafe. Consider using _vsnprintf_s instead. To disable deprecation, use _CRT_SECURE_NO_WARNINGS. See online help for details.
                 C:\Program Files (x86)\Microsoft Visual Studio 12.0\VC\include\stdio.h(346) : see declaration of '_vsnprintf'
     1>..\..\gfc\simple_json\src\simple_json_error.c(39): warning C4996: '_vsnprintf': This function or variable may be unsafe. Consider using _vsnprintf_s instead. To disable deprecation, use _CRT_SECURE_NO_WARNINGS. See online help for details.
                 C:\Program Files (x86)\Microsoft Visual Studio 12.0\VC\include\stdio.h(346) : see declaration of '_vsnprintf'
         simple_json_list.c
         simple_json_object.c
         simple_json_parse.c
         simple_json_string.c
     1>..\..\gfc\simple_json\src\simple_json_string.c(55): warning C4996: 'strncpy': This function or variable may be unsafe. Consider using strncpy_s instead. To disable deprecation, use _CRT_SECURE_NO_WARNINGS. See online help for details.
                 C:\Program Files (x86)\Microsoft Visual Studio 12.0\VC\include\string.h(195) : see declaration of 'strncpy'
     1>..\..\gfc\simple_json\src\simple_json_string.c(64): warning C4996: 'sprintf': This function or variable may be unsafe. Consider using sprintf_s instead. To disable deprecation, use _CRT_SECURE_NO_WARNINGS. See online help for details.
                 C:\Program Files (x86)\Microsoft Visual Studio 12.0\VC\include\stdio.h(356) : see declaration of 'sprintf'
     1>..\..\gfc\simple_json\src\simple_json_string.c(71): warning C4996: 'sprintf': This function or variable may be unsafe. Consider using sprintf_s instead. To disable deprecation, use _CRT_SECURE_NO_WARNINGS. See online help for details.
                 C:\Program Files (x86)\Microsoft Visual Studio 12.0\VC\include\stdio.h(356) : see declaration of 'sprintf'
     1>..\..\gfc\simple_json\src\simple_json_string.c(133): warning C4996: 'strncpy': This function or variable may be unsafe. Consider using strncpy_s instead. To disable deprecation, use _CRT_SECURE_NO_WARNINGS. See online help for details.
                 C:\Program Files (x86)\Microsoft Visual Studio 12.0\VC\include\string.h(195) : see declaration of 'strncpy'
     1>..\..\gfc\simple_json\src\simple_json_string.c(161): warning C4996: 'strncpy': This function or variable may be unsafe. Consider using strncpy_s instead. To disable deprecation, use _CRT_SECURE_NO_WARNINGS. See online help for details.
                 C:\Program Files (x86)\Microsoft Visual Studio 12.0\VC\include\string.h(195) : see declaration of 'strncpy'
     1>..\..\gfc\simple_json\src\simple_json_string.c(218): warning C4996: '_snprintf': This function or variable may be unsafe. Consider using _snprintf_s instead. To disable deprecation, use _CRT_SECURE_NO_WARNINGS. See online help for details.
                 C:\Program Files (x86)\Microsoft Visual Studio 12.0\VC\include\stdio.h(346) : see declaration of '_snprintf'
     1>..\..\gfc\simple_json\src\simple_json_string.c(241): warning C4996: '_snprintf': This function or variable may be unsafe. Consider using _snprintf_s instead. To disable deprecation, use _CRT_SECURE_NO_WARNINGS. See online help for details.
                 C:\Program Files (x86)\Microsoft Visual Studio 12.0\VC\include\stdio.h(346) : see declaration of '_snprintf'
         simple_logger.c
     1>..\..\gfc\simple_logger\src\simple_logger.c(22): warning C4996: 'fopen': This function or variable may be unsafe. Consider using fopen_s instead. To disable deprecation, use _CRT_SECURE_NO_WARNINGS. See online help for details.
                 C:\Program Files (x86)\Microsoft Visual Studio 12.0\VC\include\stdio.h(211) : see declaration of 'fopen'
     1>..\..\gfc\simple_logger\src\simple_logger.c(26): warning C4996: 'fopen': This function or variable may be unsafe. Consider using fopen_s instead. To disable deprecation, use _CRT_SECURE_NO_WARNINGS. See online help for details.
                 C:\Program Files (x86)\Microsoft Visual Studio 12.0\VC\include\stdio.h(211) : see declaration of 'fopen'
     1>..\..\gfc\simple_logger\src\simple_logger.c(28): warning C4113: 'void (__cdecl *)()' differs in parameter lists from 'void (__cdecl *)(void)'
         gfc_audio.c
     1>..\..\gfc\src\gfc_audio.c(45): warning C4113: 'void (__cdecl *)()' differs in parameter lists from 'void (__cdecl *)(void)'
     1>..\..\gfc\src\gfc_audio.c(78): warning C4113: 'void (__cdecl *)()' differs in parameter lists from 'void (__cdecl *)(void)'
     1>..\..\gfc\src\gfc_audio.c(100): warning C4018: '<' : signed/unsigned mismatch
     1>..\..\gfc\src\gfc_audio.c(110): warning C4018: '<' : signed/unsigned mismatch
     1>..\..\gfc\src\gfc_audio.c(119): warning C4018: '<' : signed/unsigned mismatch
     1>..\..\gfc\src\gfc_audio.c(135): warning C4018: '<' : signed/unsigned mismatch
         gfc_callbacks.c
         gfc_input.c
     1>..\..\gfc\src\gfc_input.c(95): warning C4068: unknown pragma
     1>..\..\gfc\src\gfc_input.c(233): warning C4113: 'void (__cdecl *)()' differs in parameter lists from 'void (__cdecl *)(void)'
     1>..\..\gfc\src\gfc_input.c(463): warning C4996: 'strncpy': This function or variable may be unsafe. Consider using strncpy_s instead. To disable deprecation, use _CRT_SECURE_NO_WARNINGS. See online help for details.
                 C:\Program Files (x86)\Microsoft Visual Studio 12.0\VC\include\string.h(195) : see declaration of 'strncpy'
     1>..\..\gfc\src\gfc_input.c(477): warning C4068: unknown pragma
         gfc_list.c
     1>..\..\gfc\src\gfc_list.c(150): warning C4013: 'memmove' undefined; assuming extern returning int
     1>..\..\gfc\src\gfc_list.c(181): warning C4018: '<' : signed/unsigned mismatch
     1>..\..\gfc\src\gfc_list.c(235): warning C4018: '<' : signed/unsigned mismatch
         gfc_matrix.c
     1>..\..\gfc\src\gfc_matrix.c(103): warning C4244: 'initializing' : conversion from 'double' to 'float', possible loss of data
     1>..\..\gfc\src\gfc_matrix.c(104): warning C4244: 'initializing' : conversion from 'double' to 'float', possible loss of data
     1>..\..\gfc\src\gfc_matrix.c(152): warning C4244: 'initializing' : conversion from 'double' to 'float', possible loss of data
         gfc_text.c
         gfc_types.c
         gfc_vector.c
     1>..\..\gfc\src\gfc_vector.c(47): warning C4244: 'return' : conversion from 'double' to 'float', possible loss of data
     1>..\..\gfc\src\gfc_vector.c(52): warning C4244: 'return' : conversion from 'double' to 'float', possible loss of data
     1>..\..\gfc\src\gfc_vector.c(57): warning C4244: 'return' : conversion from 'double' to 'float', possible loss of data
     1>..\..\gfc\src\gfc_vector.c(154): warning C4244: '=' : conversion from 'double' to 'float', possible loss of data
     1>..\..\gfc\src\gfc_vector.c(155): warning C4244: '=' : conversion from 'double' to 'float', possible loss of data
     1>..\..\gfc\src\gfc_vector.c(161): warning C4244: '=' : conversion from 'double' to 'float', possible loss of data
     1>..\..\gfc\src\gfc_vector.c(162): warning C4244: '=' : conversion from 'double' to 'float', possible loss of data
     1>..\..\gfc\src\gfc_vector.c(309): warning C4244: '=' : conversion from 'double' to 'float', possible loss of data
     1>..\..\gfc\src\gfc_vector.c(314): warning C4244: '=' : conversion from 'double' to 'float', possible loss of data
     1>..\..\gfc\src\gfc_vector.c(319): warning C4244: '=' : conversion from 'double' to 'float', possible loss of data
     1>..\..\gfc\src\gfc_vector.c(414): warning C4244: '=' : conversion from 'double' to 'float', possible loss of data
     1>..\..\gfc\src\gfc_vector.c(415): warning C4244: '=' : conversion from 'double' to 'float', possible loss of data
     1>..\..\gfc\src\gfc_vector.c(416): warning C4244: '=' : conversion from 'double' to 'float', possible loss of data
     1>..\..\gfc\src\gfc_vector.c(417): warning C4244: '=' : conversion from 'double' to 'float', possible loss of data
     1>..\..\gfc\src\gfc_vector.c(432): warning C4244: '=' : conversion from 'double' to 'float', possible loss of data
     1>..\..\gfc\src\gfc_vector.c(435): warning C4244: '=' : conversion from 'double' to 'float', possible loss of data
     1>..\..\gfc\src\gfc_vector.c(436): warning C4244: '=' : conversion from 'double' to 'float', possible loss of data
     1>..\..\gfc\src\gfc_vector.c(448): warning C4244: '=' : conversion from 'double' to 'float', possible loss of data
     1>..\..\gfc\src\gfc_vector.c(451): warning C4244: '=' : conversion from 'double' to 'float', possible loss of data
     1>..\..\gfc\src\gfc_vector.c(452): warning C4244: '=' : conversion from 'double' to 'float', possible loss of data
     1>..\..\gfc\src\gfc_vector.c(464): warning C4244: '=' : conversion from 'double' to 'float', possible loss of data
     1>..\..\gfc\src\gfc_vector.c(467): warning C4244: '=' : conversion from 'double' to 'float', possible loss of data
     1>..\..\gfc\src\gfc_vector.c(468): warning C4244: '=' : conversion from 'double' to 'float', possible loss of data
     1>..\..\gfc\src\gfc_vector.c(481): warning C4244: '=' : conversion from 'double' to 'float', possible loss of data
     1>..\..\gfc\src\gfc_vector.c(482): warning C4244: '=' : conversion from 'double' to 'float', possible loss of data
     1>..\..\gfc\src\gfc_vector.c(483): warning C4244: '=' : conversion from 'double' to 'float', possible loss of data
     1>..\..\gfc\src\gfc_vector.c(484): warning C4244: '=' : conversion from 'double' to 'float', possible loss of data
     1>..\..\gfc\src\gfc_vector.c(485): warning C4244: '=' : conversion from 'double' to 'float', possible loss of data
     1>..\..\gfc\src\gfc_vector.c(486): warning C4244: '=' : conversion from 'double' to 'float', possible loss of data
     1>..\..\gfc\src\gfc_vector.c(487): warning C4244: '=' : conversion from 'double' to 'float', possible loss of data
     1>..\..\gfc\src\gfc_vector.c(488): warning C4244: '=' : conversion from 'double' to 'float', possible loss of data
     1>..\..\gfc\src\gfc_vector.c(489): warning C4244: '=' : conversion from 'double' to 'float', possible loss of data
     1>..\..\gfc\src\gfc_vector.c(519): warning C4244: '=' : conversion from 'double' to 'float', possible loss of data
     1>..\..\gfc\src\gfc_vector.c(520): warning C4244: '=' : conversion from 'double' to 'float', possible loss of data
     1>..\..\gfc\src\gfc_vector.c(526): warning C4244: 'initializing' : conversion from 'double' to 'float', possible loss of data
     1>..\..\gfc\src\gfc_vector.c(527): warning C4244: 'initializing' : conversion from 'double' to 'float', possible loss of data
     1>..\..\gfc\src\gfc_vector.c(545): warning C4244: '=' : conversion from 'double' to 'float', possible loss of data
         game.c
     1>..\game.c(43): warning C4305: '+=' : truncation from 'double' to 'float'
     1>..\game.c(55): warning C4244: 'function' : conversion from 'int' to 'float', possible loss of data
         gf2d_draw.c
     1>..\gf2d_draw.c(9): warning C4244: 'function' : conversion from 'float' to 'Uint8', possible loss of data
     1>..\gf2d_draw.c(10): warning C4244: 'function' : conversion from 'float' to 'Uint8', possible loss of data
     1>..\gf2d_draw.c(11): warning C4244: 'function' : conversion from 'float' to 'Uint8', possible loss of data
     1>..\gf2d_draw.c(12): warning C4244: 'function' : conversion from 'float' to 'Uint8', possible loss of data
     1>..\gf2d_draw.c(13): warning C4018: '<' : signed/unsigned mismatch
     1>..\gf2d_draw.c(16): warning C4244: 'function' : conversion from 'float' to 'int', possible loss of data
     1>..\gf2d_draw.c(17): warning C4244: 'function' : conversion from 'float' to 'int', possible loss of data
     1>..\gf2d_draw.c(18): warning C4244: 'function' : conversion from 'float' to 'int', possible loss of data
     1>..\gf2d_draw.c(19): warning C4244: 'function' : conversion from 'float' to 'int', possible loss of data
     1>..\gf2d_draw.c(31): warning C4244: 'function' : conversion from 'float' to 'Uint8', possible loss of data
     1>..\gf2d_draw.c(32): warning C4244: 'function' : conversion from 'float' to 'Uint8', possible loss of data
     1>..\gf2d_draw.c(33): warning C4244: 'function' : conversion from 'float' to 'Uint8', possible loss of data
     1>..\gf2d_draw.c(34): warning C4244: 'function' : conversion from 'float' to 'Uint8', possible loss of data
     1>..\gf2d_draw.c(36): warning C4244: 'function' : conversion from 'float' to 'int', possible loss of data
     1>..\gf2d_draw.c(37): warning C4244: 'function' : conversion from 'float' to 'int', possible loss of data
     1>..\gf2d_draw.c(38): warning C4244: 'function' : conversion from 'float' to 'int', possible loss of data
     1>..\gf2d_draw.c(39): warning C4244: 'function' : conversion from 'float' to 'int', possible loss of data
     1>..\gf2d_draw.c(50): warning C4244: 'function' : conversion from 'float' to 'Uint8', possible loss of data
     1>..\gf2d_draw.c(51): warning C4244: 'function' : conversion from 'float' to 'Uint8', possible loss of data
     1>..\gf2d_draw.c(52): warning C4244: 'function' : conversion from 'float' to 'Uint8', possible loss of data
     1>..\gf2d_draw.c(53): warning C4244: 'function' : conversion from 'float' to 'Uint8', possible loss of data
     1>..\gf2d_draw.c(65): warning C4244: 'function' : conversion from 'float' to 'Uint8', possible loss of data
     1>..\gf2d_draw.c(66): warning C4244: 'function' : conversion from 'float' to 'Uint8', possible loss of data
     1>..\gf2d_draw.c(67): warning C4244: 'function' : conversion from 'float' to 'Uint8', possible loss of data
     1>..\gf2d_draw.c(68): warning C4244: 'function' : conversion from 'float' to 'Uint8', possible loss of data
     1>..\gf2d_draw.c(75): warning C4244: 'function' : conversion from 'float' to 'Uint8', possible loss of data
     1>..\gf2d_draw.c(76): warning C4244: 'function' : conversion from 'float' to 'Uint8', possible loss of data
     1>..\gf2d_draw.c(77): warning C4244: 'function' : conversion from 'float' to 'Uint8', possible loss of data
     1>..\gf2d_draw.c(78): warning C4244: 'function' : conversion from 'float' to 'Uint8', possible loss of data
     1>..\gf2d_draw.c(80): warning C4244: 'function' : conversion from 'float' to 'int', possible loss of data
     1>..\gf2d_draw.c(81): warning C4244: 'function' : conversion from 'float' to 'int', possible loss of data
     1>..\gf2d_draw.c(87): warning C4244: 'function' : conversion from 'float' to 'Uint8', possible loss of data
     1>..\gf2d_draw.c(88): warning C4244: 'function' : conversion from 'float' to 'Uint8', possible loss of data
     1>..\gf2d_draw.c(89): warning C4244: 'function' : conversion from 'float' to 'Uint8', possible loss of data
     1>..\gf2d_draw.c(90): warning C4244: 'function' : conversion from 'float' to 'Uint8', possible loss of data
     1>..\gf2d_draw.c(105): warning C4244: '=' : conversion from 'float' to 'int', possible loss of data
     1>..\gf2d_draw.c(106): warning C4244: '=' : conversion from 'float' to 'int', possible loss of data
     1>..\gf2d_draw.c(107): warning C4244: '=' : conversion from 'float' to 'int', possible loss of data
     1>..\gf2d_draw.c(108): warning C4244: '=' : conversion from 'float' to 'int', possible loss of data
     1>..\gf2d_draw.c(113): warning C4244: '=' : conversion from 'float' to 'int', possible loss of data
     1>..\gf2d_draw.c(114): warning C4244: '=' : conversion from 'float' to 'int', possible loss of data
     1>..\gf2d_draw.c(115): warning C4244: '=' : conversion from 'float' to 'int', possible loss of data
     1>..\gf2d_draw.c(116): warning C4244: '=' : conversion from 'float' to 'int', possible loss of data
     1>..\gf2d_draw.c(121): warning C4244: '=' : conversion from 'float' to 'int', possible loss of data
     1>..\gf2d_draw.c(122): warning C4244: '=' : conversion from 'float' to 'int', possible loss of data
     1>..\gf2d_draw.c(123): warning C4244: '=' : conversion from 'float' to 'int', possible loss of data
     1>..\gf2d_draw.c(124): warning C4244: '=' : conversion from 'float' to 'int', possible loss of data
     1>..\gf2d_draw.c(125): warning C4244: '=' : conversion from 'float' to 'int', possible loss of data
     1>..\gf2d_draw.c(126): warning C4244: '=' : conversion from 'float' to 'int', possible loss of data
     1>..\gf2d_draw.c(127): warning C4244: '=' : conversion from 'float' to 'int', possible loss of data
     1>..\gf2d_draw.c(128): warning C4244: '=' : conversion from 'float' to 'int', possible loss of data
     1>..\gf2d_draw.c(140): warning C4244: '=' : conversion from 'int' to 'float', possible loss of data
     1>..\gf2d_draw.c(153): warning C4244: '+=' : conversion from 'float' to 'int', possible loss of data
     1>..\gf2d_draw.c(158): warning C4244: '+=' : conversion from 'float' to 'int', possible loss of data
     1>..\gf2d_draw.c(168): warning C4244: 'function' : conversion from 'float' to 'Uint8', possible loss of data
     1>..\gf2d_draw.c(169): warning C4244: 'function' : conversion from 'float' to 'Uint8', possible loss of data
     1>..\gf2d_draw.c(170): warning C4244: 'function' : conversion from 'float' to 'Uint8', possible loss of data
     1>..\gf2d_draw.c(171): warning C4244: 'function' : conversion from 'float' to 'Uint8', possible loss of data
         gf2d_graphics.c
     1>..\gf2d_graphics.c(126): warning C4244: 'function' : conversion from 'float' to 'Uint8', possible loss of data
     1>..\gf2d_graphics.c(131): warning C4113: 'void (__cdecl *)()' differs in parameter lists from 'void (__cdecl *)(void)'
     1>..\gf2d_graphics.c(202): warning C4244: '=' : conversion from 'double' to 'float', possible loss of data
     1>..\gf2d_graphics.c(219): warning C4244: 'function' : conversion from 'float' to 'Uint8', possible loss of data
     1>..\gf2d_graphics.c(220): warning C4244: 'function' : conversion from 'float' to 'Uint8', possible loss of data
     1>..\gf2d_graphics.c(221): warning C4244: 'function' : conversion from 'float' to 'Uint8', possible loss of data
     1>..\gf2d_graphics.c(222): warning C4244: 'function' : conversion from 'float' to 'Uint8', possible loss of data
         gf2d_sprite.c
     1>..\gf2d_sprite.c(47): warning C4113: 'void (__cdecl *)()' differs in parameter lists from 'void (__cdecl *)(void)'
     1>..\gf2d_sprite.c(69): warning C4018: '<' : signed/unsigned mismatch
     1>..\gf2d_sprite.c(79): warning C4018: '<' : signed/unsigned mismatch
     1>..\gf2d_sprite.c(88): warning C4018: '<' : signed/unsigned mismatch
     1>..\gf2d_sprite.c(104): warning C4018: '<' : signed/unsigned mismatch
     1>..\gf2d_sprite.c(183): warning C4996: 'strncpy': This function or variable may be unsafe. Consider using strncpy_s instead. To disable deprecation, use _CRT_SECURE_NO_WARNINGS. See online help for details.
                 C:\Program Files (x86)\Microsoft Visual Studio 12.0\VC\include\string.h(195) : see declaration of 'strncpy'
     1>..\gf2d_sprite.c(233): warning C4244: '=' : conversion from 'float' to 'int', possible loss of data
     1>..\gf2d_sprite.c(234): warning C4244: '*=' : conversion from 'float' to 'int', possible loss of data
     1>..\gf2d_sprite.c(235): warning C4244: '*=' : conversion from 'float' to 'int', possible loss of data
     1>..\gf2d_sprite.c(246): warning C4244: 'function' : conversion from 'float' to 'Uint8', possible loss of data
     1>..\gf2d_sprite.c(247): warning C4244: 'function' : conversion from 'float' to 'Uint8', possible loss of data
     1>..\gf2d_sprite.c(248): warning C4244: 'function' : conversion from 'float' to 'Uint8', possible loss of data
     1>..\gf2d_sprite.c(251): warning C4244: 'function' : conversion from 'float' to 'Uint8', possible loss of data
     1>..\gf2d_sprite.c(266): warning C4244: '=' : conversion from 'float' to 'int', possible loss of data
       Link:
         C:\Program Files (x86)\Microsoft Visual Studio 12.0\VC\bin\link.exe /ERRORREPORT:PROMPT /OUT:"..\..\gf2d.exe" /INCREMENTAL:NO /NOLOGO SDL2.lib SDL2main.lib SDL2test.lib SDL2_ttf.lib SDL2_mixer.lib SDL2_image.lib kernel32.lib user32.lib gdi32.lib winspool.lib comdlg32.lib advapi32.lib shell32.lib ole32.lib oleaut32.lib uuid.lib odbc32.lib odbccp32.lib /MANIFEST /MANIFESTUAC:"level='asInvoker' uiAccess='false'" /manifest:embed /DEBUG /PDB:"..\..\gf2d.pdb" /SUBSYSTEM:CONSOLE /OPT:REF /OPT:ICF /LTCG /TLBID:1 /DYNAMICBASE /NXCOMPAT /IMPLIB:"..\..\gf2d.lib" /MACHINE:X86 /SAFESEH Release\simple_json.obj
         Release\simple_json_array.obj
         Release\simple_json_error.obj
         Release\simple_json_list.obj
         Release\simple_json_object.obj
         Release\simple_json_parse.obj
         Release\simple_json_string.obj
         Release\simple_logger.obj
         Release\gfc_audio.obj
         Release\gfc_callbacks.obj
         Release\gfc_input.obj
         Release\gfc_list.obj
         Release\gfc_matrix.obj
         Release\gfc_text.obj
         Release\gfc_types.obj
         Release\gfc_vector.obj
         Release\game.obj
         Release\gf2d_draw.obj
         Release\gf2d_graphics.obj
         Release\gf2d_sprite.obj
         Generating code
         Finished generating code
         gf2d.vcxproj -> C:\Users\zahee\git\2dGame\gameframework2d\src\gf2d\..\..\gf2d.exe
     1>Done Building Project "C:\Users\zahee\git\2dGame\gameframework2d\src\gf2d\gf2d.vcxproj" (Build target(s)).

Build succeeded.

Time Elapsed 00:00:04.70
